2024-07-30 11:34:01,626 ERROR C:\Users\marmelad\PycharmProjects\NewsPaper\venv\lib\site-packages\django\utils\log.py (<class 'TypeError'>, TypeError("get1() missing 1 required positional argument: 'request'"), <traceback object at 0x00000241DE9B22C0>) Internal Server Error: /News/get/
Traceback (most recent call last):
  File "C:\Users\marmelad\PycharmProjects\NewsPaper\venv\lib\site-packages\django\core\handlers\exception.py", line 55, in inner
    response = get_response(request)
  File "C:\Users\marmelad\PycharmProjects\NewsPaper\venv\lib\site-packages\django\core\handlers\base.py", line 197, in _get_response
    response = wrapped_callback(request, *callback_args, **callback_kwargs)
TypeError: get1() missing 1 required positional argument: 'request'
2024-07-30 11:34:01,634 ERROR C:\Users\marmelad\PycharmProjects\NewsPaper\venv\lib\site-packages\django\core\servers\basehttp.py None "GET /News/get/ HTTP/1.1" 500 71086
2024-07-30 11:35:05,594 ERROR C:\Users\marmelad\PycharmProjects\NewsPaper\venv\lib\site-packages\django\utils\log.py (<class 'TypeError'>, TypeError("get1() missing 1 required positional argument: 'request'"), <traceback object at 0x0000014329DC9880>) Internal Server Error: /News/get/
Traceback (most recent call last):
  File "C:\Users\marmelad\PycharmProjects\NewsPaper\venv\lib\site-packages\django\core\handlers\exception.py", line 55, in inner
    response = get_response(request)
  File "C:\Users\marmelad\PycharmProjects\NewsPaper\venv\lib\site-packages\django\core\handlers\base.py", line 197, in _get_response
    response = wrapped_callback(request, *callback_args, **callback_kwargs)
TypeError: get1() missing 1 required positional argument: 'request'
2024-07-30 11:35:05,625 ERROR C:\Users\marmelad\PycharmProjects\NewsPaper\venv\lib\site-packages\django\core\servers\basehttp.py None "GET /News/get/ HTTP/1.1" 500 71223
2024-07-30 11:35:48,402 ERROR C:\Users\marmelad\PycharmProjects\NewsPaper\venv\lib\site-packages\django\utils\log.py (<class 'TypeError'>, TypeError("get1() missing 1 required positional argument: 'request'"), <traceback object at 0x000002318A2264C0>) Internal Server Error: /News/get/
Traceback (most recent call last):
  File "C:\Users\marmelad\PycharmProjects\NewsPaper\venv\lib\site-packages\django\core\handlers\exception.py", line 55, in inner
    response = get_response(request)
  File "C:\Users\marmelad\PycharmProjects\NewsPaper\venv\lib\site-packages\django\core\handlers\base.py", line 197, in _get_response
    response = wrapped_callback(request, *callback_args, **callback_kwargs)
TypeError: get1() missing 1 required positional argument: 'request'
2024-07-30 11:35:48,408 ERROR C:\Users\marmelad\PycharmProjects\NewsPaper\venv\lib\site-packages\django\core\servers\basehttp.py None "GET /News/get/ HTTP/1.1" 500 71223
2024-07-30 16:50:07,786 ERROR C:\Users\marmelad\PycharmProjects\NewsPaper\venv\lib\site-packages\django\utils\log.py (<class 'django.template.exceptions.TemplateSyntaxError'>, TemplateSyntaxError("Invalid block tag on line 11: 'trans', expected 'endblock'. Did you forget to register or load this tag?"), <traceback object at 0x000001D8FF0D8A80>) Internal Server Error: /News/search/
Traceback (most recent call last):
  File "C:\Users\marmelad\PycharmProjects\NewsPaper\venv\lib\site-packages\django\template\base.py", line 502, in parse
    compile_func = self.tags[command]
KeyError: 'trans'

During handling of the above exception, another exception occurred:

Traceback (most recent call last):
  File "C:\Users\marmelad\PycharmProjects\NewsPaper\venv\lib\site-packages\django\core\handlers\exception.py", line 55, in inner
    response = get_response(request)
  File "C:\Users\marmelad\PycharmProjects\NewsPaper\venv\lib\site-packages\django\core\handlers\base.py", line 220, in _get_response
    response = response.render()
  File "C:\Users\marmelad\PycharmProjects\NewsPaper\venv\lib\site-packages\django\template\response.py", line 114, in render
    self.content = self.rendered_content
  File "C:\Users\marmelad\PycharmProjects\NewsPaper\venv\lib\site-packages\django\template\response.py", line 90, in rendered_content
    template = self.resolve_template(self.template_name)
  File "C:\Users\marmelad\PycharmProjects\NewsPaper\venv\lib\site-packages\django\template\response.py", line 72, in resolve_template
    return select_template(template, using=self.using)
  File "C:\Users\marmelad\PycharmProjects\NewsPaper\venv\lib\site-packages\django\template\loader.py", line 42, in select_template
    return engine.get_template(template_name)
  File "C:\Users\marmelad\PycharmProjects\NewsPaper\venv\lib\site-packages\django\template\backends\django.py", line 33, in get_template
    return Template(self.engine.get_template(template_name), self)
  File "C:\Users\marmelad\PycharmProjects\NewsPaper\venv\lib\site-packages\django\template\engine.py", line 177, in get_template
    template, origin = self.find_template(template_name)
  File "C:\Users\marmelad\PycharmProjects\NewsPaper\venv\lib\site-packages\django\template\engine.py", line 159, in find_template
    template = loader.get_template(name, skip=skip)
  File "C:\Users\marmelad\PycharmProjects\NewsPaper\venv\lib\site-packages\django\template\loaders\cached.py", line 57, in get_template
    template = super().get_template(template_name, skip)
  File "C:\Users\marmelad\PycharmProjects\NewsPaper\venv\lib\site-packages\django\template\loaders\base.py", line 28, in get_template
    return Template(
  File "C:\Users\marmelad\PycharmProjects\NewsPaper\venv\lib\site-packages\django\template\base.py", line 154, in __init__
    self.nodelist = self.compile_nodelist()
  File "C:\Users\marmelad\PycharmProjects\NewsPaper\venv\lib\site-packages\django\template\base.py", line 196, in compile_nodelist
    return parser.parse()
  File "C:\Users\marmelad\PycharmProjects\NewsPaper\venv\lib\site-packages\django\template\base.py", line 510, in parse
    raise self.error(token, e)
  File "C:\Users\marmelad\PycharmProjects\NewsPaper\venv\lib\site-packages\django\template\base.py", line 508, in parse
    compiled_result = compile_func(self, token)
  File "C:\Users\marmelad\PycharmProjects\NewsPaper\venv\lib\site-packages\django\template\loader_tags.py", line 295, in do_extends
    nodelist = parser.parse()
  File "C:\Users\marmelad\PycharmProjects\NewsPaper\venv\lib\site-packages\django\template\base.py", line 510, in parse
    raise self.error(token, e)
  File "C:\Users\marmelad\PycharmProjects\NewsPaper\venv\lib\site-packages\django\template\base.py", line 508, in parse
    compiled_result = compile_func(self, token)
  File "C:\Users\marmelad\PycharmProjects\NewsPaper\venv\lib\site-packages\django\template\loader_tags.py", line 234, in do_block
    nodelist = parser.parse(("endblock",))
  File "C:\Users\marmelad\PycharmProjects\NewsPaper\venv\lib\site-packages\django\template\base.py", line 504, in parse
    self.invalid_block_tag(token, command, parse_until)
  File "C:\Users\marmelad\PycharmProjects\NewsPaper\venv\lib\site-packages\django\template\base.py", line 555, in invalid_block_tag
    raise self.error(
django.template.exceptions.TemplateSyntaxError: Invalid block tag on line 11: 'trans', expected 'endblock'. Did you forget to register or load this tag?
2024-07-30 16:50:07,807 ERROR C:\Users\marmelad\PycharmProjects\NewsPaper\venv\lib\site-packages\django\core\servers\basehttp.py None "GET /News/search/ HTTP/1.1" 500 214878
2024-07-30 16:50:10,129 ERROR C:\Users\marmelad\PycharmProjects\NewsPaper\venv\lib\site-packages\django\utils\log.py (<class 'django.template.exceptions.TemplateSyntaxError'>, TemplateSyntaxError("Invalid block tag on line 11: 'trans', expected 'endblock'. Did you forget to register or load this tag?"), <traceback object at 0x000001D8FEF3AE80>) Internal Server Error: /News/search/
Traceback (most recent call last):
  File "C:\Users\marmelad\PycharmProjects\NewsPaper\venv\lib\site-packages\django\template\base.py", line 502, in parse
    compile_func = self.tags[command]
KeyError: 'trans'

During handling of the above exception, another exception occurred:

Traceback (most recent call last):
  File "C:\Users\marmelad\PycharmProjects\NewsPaper\venv\lib\site-packages\django\core\handlers\exception.py", line 55, in inner
    response = get_response(request)
  File "C:\Users\marmelad\PycharmProjects\NewsPaper\venv\lib\site-packages\django\core\handlers\base.py", line 220, in _get_response
    response = response.render()
  File "C:\Users\marmelad\PycharmProjects\NewsPaper\venv\lib\site-packages\django\template\response.py", line 114, in render
    self.content = self.rendered_content
  File "C:\Users\marmelad\PycharmProjects\NewsPaper\venv\lib\site-packages\django\template\response.py", line 90, in rendered_content
    template = self.resolve_template(self.template_name)
  File "C:\Users\marmelad\PycharmProjects\NewsPaper\venv\lib\site-packages\django\template\response.py", line 72, in resolve_template
    return select_template(template, using=self.using)
  File "C:\Users\marmelad\PycharmProjects\NewsPaper\venv\lib\site-packages\django\template\loader.py", line 42, in select_template
    return engine.get_template(template_name)
  File "C:\Users\marmelad\PycharmProjects\NewsPaper\venv\lib\site-packages\django\template\backends\django.py", line 33, in get_template
    return Template(self.engine.get_template(template_name), self)
  File "C:\Users\marmelad\PycharmProjects\NewsPaper\venv\lib\site-packages\django\template\engine.py", line 177, in get_template
    template, origin = self.find_template(template_name)
  File "C:\Users\marmelad\PycharmProjects\NewsPaper\venv\lib\site-packages\django\template\engine.py", line 159, in find_template
    template = loader.get_template(name, skip=skip)
  File "C:\Users\marmelad\PycharmProjects\NewsPaper\venv\lib\site-packages\django\template\loaders\cached.py", line 57, in get_template
    template = super().get_template(template_name, skip)
  File "C:\Users\marmelad\PycharmProjects\NewsPaper\venv\lib\site-packages\django\template\loaders\base.py", line 28, in get_template
    return Template(
  File "C:\Users\marmelad\PycharmProjects\NewsPaper\venv\lib\site-packages\django\template\base.py", line 154, in __init__
    self.nodelist = self.compile_nodelist()
  File "C:\Users\marmelad\PycharmProjects\NewsPaper\venv\lib\site-packages\django\template\base.py", line 196, in compile_nodelist
    return parser.parse()
  File "C:\Users\marmelad\PycharmProjects\NewsPaper\venv\lib\site-packages\django\template\base.py", line 510, in parse
    raise self.error(token, e)
  File "C:\Users\marmelad\PycharmProjects\NewsPaper\venv\lib\site-packages\django\template\base.py", line 508, in parse
    compiled_result = compile_func(self, token)
  File "C:\Users\marmelad\PycharmProjects\NewsPaper\venv\lib\site-packages\django\template\loader_tags.py", line 295, in do_extends
    nodelist = parser.parse()
  File "C:\Users\marmelad\PycharmProjects\NewsPaper\venv\lib\site-packages\django\template\base.py", line 510, in parse
    raise self.error(token, e)
  File "C:\Users\marmelad\PycharmProjects\NewsPaper\venv\lib\site-packages\django\template\base.py", line 508, in parse
    compiled_result = compile_func(self, token)
  File "C:\Users\marmelad\PycharmProjects\NewsPaper\venv\lib\site-packages\django\template\loader_tags.py", line 234, in do_block
    nodelist = parser.parse(("endblock",))
  File "C:\Users\marmelad\PycharmProjects\NewsPaper\venv\lib\site-packages\django\template\base.py", line 504, in parse
    self.invalid_block_tag(token, command, parse_until)
  File "C:\Users\marmelad\PycharmProjects\NewsPaper\venv\lib\site-packages\django\template\base.py", line 555, in invalid_block_tag
    raise self.error(
django.template.exceptions.TemplateSyntaxError: Invalid block tag on line 11: 'trans', expected 'endblock'. Did you forget to register or load this tag?
2024-07-30 16:50:10,143 ERROR C:\Users\marmelad\PycharmProjects\NewsPaper\venv\lib\site-packages\django\core\servers\basehttp.py None "GET /News/search/ HTTP/1.1" 500 214878
2024-07-30 16:50:12,796 ERROR C:\Users\marmelad\PycharmProjects\NewsPaper\venv\lib\site-packages\django\utils\log.py (<class 'django.template.exceptions.TemplateSyntaxError'>, TemplateSyntaxError("Invalid block tag on line 11: 'trans', expected 'endblock'. Did you forget to register or load this tag?"), <traceback object at 0x000001D8FEEC9400>) Internal Server Error: /News/search/
Traceback (most recent call last):
  File "C:\Users\marmelad\PycharmProjects\NewsPaper\venv\lib\site-packages\django\template\base.py", line 502, in parse
    compile_func = self.tags[command]
KeyError: 'trans'

During handling of the above exception, another exception occurred:

Traceback (most recent call last):
  File "C:\Users\marmelad\PycharmProjects\NewsPaper\venv\lib\site-packages\django\core\handlers\exception.py", line 55, in inner
    response = get_response(request)
  File "C:\Users\marmelad\PycharmProjects\NewsPaper\venv\lib\site-packages\django\core\handlers\base.py", line 220, in _get_response
    response = response.render()
  File "C:\Users\marmelad\PycharmProjects\NewsPaper\venv\lib\site-packages\django\template\response.py", line 114, in render
    self.content = self.rendered_content
  File "C:\Users\marmelad\PycharmProjects\NewsPaper\venv\lib\site-packages\django\template\response.py", line 90, in rendered_content
    template = self.resolve_template(self.template_name)
  File "C:\Users\marmelad\PycharmProjects\NewsPaper\venv\lib\site-packages\django\template\response.py", line 72, in resolve_template
    return select_template(template, using=self.using)
  File "C:\Users\marmelad\PycharmProjects\NewsPaper\venv\lib\site-packages\django\template\loader.py", line 42, in select_template
    return engine.get_template(template_name)
  File "C:\Users\marmelad\PycharmProjects\NewsPaper\venv\lib\site-packages\django\template\backends\django.py", line 33, in get_template
    return Template(self.engine.get_template(template_name), self)
  File "C:\Users\marmelad\PycharmProjects\NewsPaper\venv\lib\site-packages\django\template\engine.py", line 177, in get_template
    template, origin = self.find_template(template_name)
  File "C:\Users\marmelad\PycharmProjects\NewsPaper\venv\lib\site-packages\django\template\engine.py", line 159, in find_template
    template = loader.get_template(name, skip=skip)
  File "C:\Users\marmelad\PycharmProjects\NewsPaper\venv\lib\site-packages\django\template\loaders\cached.py", line 57, in get_template
    template = super().get_template(template_name, skip)
  File "C:\Users\marmelad\PycharmProjects\NewsPaper\venv\lib\site-packages\django\template\loaders\base.py", line 28, in get_template
    return Template(
  File "C:\Users\marmelad\PycharmProjects\NewsPaper\venv\lib\site-packages\django\template\base.py", line 154, in __init__
    self.nodelist = self.compile_nodelist()
  File "C:\Users\marmelad\PycharmProjects\NewsPaper\venv\lib\site-packages\django\template\base.py", line 196, in compile_nodelist
    return parser.parse()
  File "C:\Users\marmelad\PycharmProjects\NewsPaper\venv\lib\site-packages\django\template\base.py", line 510, in parse
    raise self.error(token, e)
  File "C:\Users\marmelad\PycharmProjects\NewsPaper\venv\lib\site-packages\django\template\base.py", line 508, in parse
    compiled_result = compile_func(self, token)
  File "C:\Users\marmelad\PycharmProjects\NewsPaper\venv\lib\site-packages\django\template\loader_tags.py", line 295, in do_extends
    nodelist = parser.parse()
  File "C:\Users\marmelad\PycharmProjects\NewsPaper\venv\lib\site-packages\django\template\base.py", line 510, in parse
    raise self.error(token, e)
  File "C:\Users\marmelad\PycharmProjects\NewsPaper\venv\lib\site-packages\django\template\base.py", line 508, in parse
    compiled_result = compile_func(self, token)
  File "C:\Users\marmelad\PycharmProjects\NewsPaper\venv\lib\site-packages\django\template\loader_tags.py", line 234, in do_block
    nodelist = parser.parse(("endblock",))
  File "C:\Users\marmelad\PycharmProjects\NewsPaper\venv\lib\site-packages\django\template\base.py", line 504, in parse
    self.invalid_block_tag(token, command, parse_until)
  File "C:\Users\marmelad\PycharmProjects\NewsPaper\venv\lib\site-packages\django\template\base.py", line 555, in invalid_block_tag
    raise self.error(
django.template.exceptions.TemplateSyntaxError: Invalid block tag on line 11: 'trans', expected 'endblock'. Did you forget to register or load this tag?
2024-07-30 16:50:12,809 ERROR C:\Users\marmelad\PycharmProjects\NewsPaper\venv\lib\site-packages\django\core\servers\basehttp.py None "GET /News/search/ HTTP/1.1" 500 214885
2024-07-30 19:41:22,240 ERROR C:\Users\marmelad\PycharmProjects\NewsPaper\venv\lib\site-packages\django\utils\log.py (<class 'django.template.exceptions.TemplateDoesNotExist'>, TemplateDoesNotExist('comment_form.html'), <traceback object at 0x000001C561782B80>) Internal Server Error: /News/2/comment/
Traceback (most recent call last):
  File "C:\Users\marmelad\PycharmProjects\NewsPaper\venv\lib\site-packages\django\core\handlers\exception.py", line 55, in inner
    response = get_response(request)
  File "C:\Users\marmelad\PycharmProjects\NewsPaper\venv\lib\site-packages\django\core\handlers\base.py", line 197, in _get_response
    response = wrapped_callback(request, *callback_args, **callback_kwargs)
  File "C:\Users\marmelad\PycharmProjects\NewsPaper\venv\lib\site-packages\django\contrib\auth\decorators.py", line 23, in _wrapper_view
    return view_func(request, *args, **kwargs)
  File "C:\Users\marmelad\PycharmProjects\NewsPaper\NewsPaper\news\views.py", line 166, in comment_form_view
    return render(request, 'comment_form.html', {'post': post})
  File "C:\Users\marmelad\PycharmProjects\NewsPaper\venv\lib\site-packages\django\shortcuts.py", line 25, in render
    content = loader.render_to_string(template_name, context, request, using=using)
  File "C:\Users\marmelad\PycharmProjects\NewsPaper\venv\lib\site-packages\django\template\loader.py", line 61, in render_to_string
    template = get_template(template_name, using=using)
  File "C:\Users\marmelad\PycharmProjects\NewsPaper\venv\lib\site-packages\django\template\loader.py", line 19, in get_template
    raise TemplateDoesNotExist(template_name, chain=chain)
django.template.exceptions.TemplateDoesNotExist: comment_form.html
2024-07-30 19:41:22,246 ERROR C:\Users\marmelad\PycharmProjects\NewsPaper\venv\lib\site-packages\django\core\servers\basehttp.py None "GET /News/2/comment/ HTTP/1.1" 500 92458
